<?xml version="1.0" encoding="UTF-8"?>
<!-- Generated by org.testng.reporters.JUnitReportReporter -->
<testsuite skipped="0" hostname="LAPTOP-OPR2IDQJ" name="com.scripts.actitime.TESTActitimeEditLeaveType" tests="1" failures="0" timestamp="23 Sep 2020 09:43:33 GMT" time="30.828" errors="0">
  <testcase name="editleavetype" time="30.828" classname="com.scripts.actitime.TESTActitimeEditLeaveType"/>
</testsuite> <!-- com.scripts.actitime.TESTActitimeEditLeaveType -->
