<?xml version="1.0" encoding="UTF-8"?>
<!-- Generated by org.testng.reporters.JUnitReportReporter -->
<testsuite skipped="0" hostname="LAPTOP-OPR2IDQJ" name="com.scripts.actitime.TESTActitimeEditCustomer" tests="1" failures="0" timestamp="23 Sep 2020 13:54:26 GMT" time="9.878" errors="0">
  <testcase name="editcustomer" time="9.878" classname="com.scripts.actitime.TESTActitimeEditCustomer"/>
</testsuite> <!-- com.scripts.actitime.TESTActitimeEditCustomer -->
