<?xml version="1.0" encoding="UTF-8"?>
<!-- Generated by org.testng.reporters.JUnitReportReporter -->
<testsuite skipped="0" hostname="LAPTOP-OPR2IDQJ" name="com.scripts.actitime.TESTActitimeCreateTypeofWork" tests="1" failures="0" timestamp="23 Sep 2020 09:43:33 GMT" time="10.339" errors="0">
  <testcase name="createtypeofwork" time="10.339" classname="com.scripts.actitime.TESTActitimeCreateTypeofWork"/>
</testsuite> <!-- com.scripts.actitime.TESTActitimeCreateTypeofWork -->
