<?xml version="1.0" encoding="UTF-8"?>
<!-- Generated by org.testng.reporters.JUnitReportReporter -->
<testsuite skipped="0" hostname="LAPTOP-OPR2IDQJ" name="com.scripts.actitime.TESTActitimeCreateCustomer" tests="1" failures="0" timestamp="23 Sep 2020 13:53:48 GMT" time="10.346" errors="0">
  <testcase name="createcustomer" time="10.346" classname="com.scripts.actitime.TESTActitimeCreateCustomer"/>
</testsuite> <!-- com.scripts.actitime.TESTActitimeCreateCustomer -->
