<?xml version="1.0" encoding="UTF-8"?>
<!-- Generated by org.testng.reporters.JUnitReportReporter -->
<testsuite skipped="0" hostname="LAPTOP-OPR2IDQJ" name="com.scripts.actitime.TESTActitimeCreateLeaveType" tests="1" failures="0" timestamp="23 Sep 2020 09:43:33 GMT" time="9.864" errors="0">
  <testcase name="createleavetype" time="9.864" classname="com.scripts.actitime.TESTActitimeCreateLeaveType"/>
</testsuite> <!-- com.scripts.actitime.TESTActitimeCreateLeaveType -->
