<?xml version="1.0" encoding="UTF-8"?>
<!-- Generated by org.testng.reporters.JUnitReportReporter -->
<testsuite skipped="0" hostname="LAPTOP-OPR2IDQJ" name="com.scripts.actitime.TESTActitimeDeleteLeaveType" tests="1" failures="0" timestamp="23 Sep 2020 09:43:33 GMT" time="11.116" errors="0">
  <testcase name="deleteleavetype" time="11.116" classname="com.scripts.actitime.TESTActitimeDeleteLeaveType"/>
</testsuite> <!-- com.scripts.actitime.TESTActitimeDeleteLeaveType -->
