<?xml version="1.0" encoding="UTF-8"?>
<!-- Generated by org.testng.reporters.JUnitReportReporter -->
<testsuite skipped="0" hostname="LAPTOP-OPR2IDQJ" name="com.scripts.actitime.TESTActitimeDeleteTypeofWork" tests="1" failures="0" timestamp="23 Sep 2020 09:43:33 GMT" time="8.002" errors="0">
  <testcase name="deletetypeofwork" time="8.002" classname="com.scripts.actitime.TESTActitimeDeleteTypeofWork"/>
</testsuite> <!-- com.scripts.actitime.TESTActitimeDeleteTypeofWork -->
