<?xml version="1.0" encoding="UTF-8"?>
<!-- Generated by org.testng.reporters.JUnitReportReporter -->
<testsuite skipped="0" hostname="LAPTOP-OPR2IDQJ" name="com.scripts.actitime.TESTActitimeDeleteCustomer" tests="1" failures="0" timestamp="23 Sep 2020 13:55:06 GMT" time="9.604" errors="0">
  <testcase name="deletecustomer" time="9.604" classname="com.scripts.actitime.TESTActitimeDeleteCustomer"/>
</testsuite> <!-- com.scripts.actitime.TESTActitimeDeleteCustomer -->
