<?xml version="1.0" encoding="UTF-8"?>
<!-- Generated by org.testng.reporters.JUnitReportReporter -->
<testsuite skipped="0" hostname="LAPTOP-OPR2IDQJ" name="com.scripts.actitime.TESTActitimeEditTypeofWork" tests="1" failures="0" timestamp="23 Sep 2020 09:43:33 GMT" time="12.861" errors="0">
  <testcase name="edittypeofwork" time="12.861" classname="com.scripts.actitime.TESTActitimeEditTypeofWork"/>
</testsuite> <!-- com.scripts.actitime.TESTActitimeEditTypeofWork -->
